<?xml version="1.0" encoding="UTF-8"?>
<!-- Generated by org.testng.reporters.JUnitXMLReporter -->
<testsuite ignored="5" hostname="DESKTOP-O9AD53S" failures="0" tests="0" time="7.535" errors="0" timestamp="2022-07-29T12:03:43 IST">
  <testcase classname="TestNG.TestNG_Description" name="facebook" time="0.0">
    <ignored/>
  </testcase> <!-- facebook -->
  <testcase classname="TestNG.TestNG_Description" name="seleniumlearn" time="0.0">
    <ignored/>
  </testcase> <!-- seleniumlearn -->
  <testcase classname="TestNG.TestNG_Description" name="twitter" time="0.0">
    <ignored/>
  </testcase> <!-- twitter -->
  <testcase classname="TestNG.TestNG_Description" name="google" time="0.0">
    <ignored/>
  </testcase> <!-- google -->
  <testcase classname="TestNG.TestNG_Description" name="seleniumdev" time="0.0">
    <ignored/>
  </testcase> <!-- seleniumdev -->
</testsuite>
